<?xml version="1.0" encoding="UTF-8"?>
<!-- Generated by org.testng.reporters.JUnitReportReporter -->
<testsuite hostname="LBR-9QCHRM3" failures="0" tests="12" name="testsFront.LoginTest" time="57.661" errors="0" timestamp="2025-01-23T08:34:13 BRT" skipped="0">
  <testcase classname="testsFront.LoginTest" name="testInvalidCredentialsError" time="6.178"/>
  <testcase classname="testsFront.LoginTest" name="testEmailBlankError" time="3.603"/>
  <testcase classname="testsFront.LoginTest" name="testPasswordBlankError" time="4.946"/>
  <testcase classname="testsFront.LoginTest" name="testPasswordBlankError" time="4.656"/>
  <testcase classname="testsFront.LoginTest" name="testValidLogin" time="4.633"/>
  <testcase classname="testsFront.LoginTest" name="testPasswordBlankError" time="5.399"/>
  <testcase classname="testsFront.LoginTest" name="testValidLogin" time="4.757"/>
  <testcase classname="testsFront.LoginTest" name="testEmailBlankError" time="4.542"/>
  <testcase classname="testsFront.LoginTest" name="testValidLogin" time="4.438"/>
  <testcase classname="testsFront.LoginTest" name="testEmailBlankError" time="4.525"/>
  <testcase classname="testsFront.LoginTest" name="testInvalidCredentialsError" time="4.533"/>
  <testcase classname="testsFront.LoginTest" name="testInvalidCredentialsError" time="5.451"/>
</testsuite> <!-- testsFront.LoginTest -->
