<?xml version="1.0" encoding="UTF-8"?>
<!-- Generated by org.testng.reporters.JUnitReportReporter -->
<testsuite hostname="LBR-9QCHRM3" failures="0" tests="12" name="testsFront.LoginTest" time="86.258" errors="0" timestamp="2025-01-22T23:56:43 BRT" skipped="0">
  <testcase classname="testsFront.LoginTest" name="testPasswordBlankError" time="6.464"/>
  <testcase classname="testsFront.LoginTest" name="testEmailBlankError" time="7.630"/>
  <testcase classname="testsFront.LoginTest" name="testValidLogin" time="9.020"/>
  <testcase classname="testsFront.LoginTest" name="testEmailBlankError" time="6.789"/>
  <testcase classname="testsFront.LoginTest" name="testPasswordBlankError" time="6.083"/>
  <testcase classname="testsFront.LoginTest" name="testValidLogin" time="7.109"/>
  <testcase classname="testsFront.LoginTest" name="testInvalidCredentialsError" time="6.102"/>
  <testcase classname="testsFront.LoginTest" name="testEmailBlankError" time="6.994"/>
  <testcase classname="testsFront.LoginTest" name="testInvalidCredentialsError" time="7.786"/>
  <testcase classname="testsFront.LoginTest" name="testInvalidCredentialsError" time="7.523"/>
  <testcase classname="testsFront.LoginTest" name="testValidLogin" time="7.816"/>
  <testcase classname="testsFront.LoginTest" name="testPasswordBlankError" time="6.942"/>
</testsuite> <!-- testsFront.LoginTest -->
