<?xml version="1.0" encoding="UTF-8"?>
<!-- Generated by org.testng.reporters.JUnitReportReporter -->
<testsuite hostname="LBR-9QCHRM3" failures="0" tests="12" name="testsFront.LoginTestLocalSuite" time="101.031" errors="0" timestamp="2025-01-28T08:04:05 BRT" skipped="0">
  <testcase classname="testsFront.LoginTestLocalSuite" name="testEmailBlankError" time="8.288"/>
  <testcase classname="testsFront.LoginTestLocalSuite" name="testPasswordBlankError" time="4.108"/>
  <testcase classname="testsFront.LoginTestLocalSuite" name="testValidLogin" time="8.874"/>
  <testcase classname="testsFront.LoginTestLocalSuite" name="testInvalidCredentialsError" time="8.876"/>
  <testcase classname="testsFront.LoginTestLocalSuite" name="testEmailBlankError" time="8.153"/>
  <testcase classname="testsFront.LoginTestLocalSuite" name="testEmailBlankError" time="5.639"/>
  <testcase classname="testsFront.LoginTestLocalSuite" name="testValidLogin" time="14.242"/>
  <testcase classname="testsFront.LoginTestLocalSuite" name="testInvalidCredentialsError" time="4.938"/>
  <testcase classname="testsFront.LoginTestLocalSuite" name="testInvalidCredentialsError" time="13.480"/>
  <testcase classname="testsFront.LoginTestLocalSuite" name="testPasswordBlankError" time="8.226"/>
  <testcase classname="testsFront.LoginTestLocalSuite" name="testValidLogin" time="8.241"/>
  <testcase classname="testsFront.LoginTestLocalSuite" name="testPasswordBlankError" time="7.966"/>
</testsuite> <!-- testsFront.LoginTestLocalSuite -->
