<?xml version="1.0" encoding="UTF-8"?>
<!-- Generated by org.testng.reporters.JUnitReportReporter -->
<testsuite hostname="LBR-9QCHRM3" failures="0" tests="4" name="testsFront.LoginLocalAllure" time="12.409" errors="0" timestamp="2025-01-28T10:16:02 BRT" skipped="0">
  <testcase classname="testsFront.LoginLocalAllure" name="testValidLogin" time="3.993"/>
  <testcase classname="testsFront.LoginLocalAllure" name="testInvalidCredentialsError" time="2.936"/>
  <testcase classname="testsFront.LoginLocalAllure" name="testPasswordBlankError" time="2.749"/>
  <testcase classname="testsFront.LoginLocalAllure" name="testEmailBlankError" time="2.731"/>
</testsuite> <!-- testsFront.LoginLocalAllure -->
