<?xml version="1.0" encoding="UTF-8"?>
<!-- Generated by org.testng.reporters.JUnitReportReporter -->
<testsuite hostname="LBR-9QCHRM3" failures="0" tests="12" name="testsFront.LoginTestLocalSuite" time="86.534" errors="0" timestamp="2025-01-23T08:37:56 BRT" skipped="0">
  <testcase classname="testsFront.LoginTestLocalSuite" name="testEmailBlankError" time="8.590"/>
  <testcase classname="testsFront.LoginTestLocalSuite" name="testPasswordBlankError" time="10.381"/>
  <testcase classname="testsFront.LoginTestLocalSuite" name="testInvalidCredentialsError" time="6.247"/>
  <testcase classname="testsFront.LoginTestLocalSuite" name="testValidLogin" time="5.792"/>
  <testcase classname="testsFront.LoginTestLocalSuite" name="testEmailBlankError" time="5.252"/>
  <testcase classname="testsFront.LoginTestLocalSuite" name="testValidLogin" time="5.546"/>
  <testcase classname="testsFront.LoginTestLocalSuite" name="testInvalidCredentialsError" time="12.027"/>
  <testcase classname="testsFront.LoginTestLocalSuite" name="testInvalidCredentialsError" time="7.133"/>
  <testcase classname="testsFront.LoginTestLocalSuite" name="testEmailBlankError" time="7.662"/>
  <testcase classname="testsFront.LoginTestLocalSuite" name="testValidLogin" time="6.780"/>
  <testcase classname="testsFront.LoginTestLocalSuite" name="testPasswordBlankError" time="4.484"/>
  <testcase classname="testsFront.LoginTestLocalSuite" name="testPasswordBlankError" time="6.640"/>
</testsuite> <!-- testsFront.LoginTestLocalSuite -->
