<?xml version="1.0" encoding="UTF-8"?>
<!-- Generated by org.testng.reporters.JUnitReportReporter -->
<testsuite hostname="LBR-9QCHRM3" failures="0" tests="4" name="testsFront.LoginTestLocalSuite" time="11.066" errors="0" timestamp="2025-01-24T19:22:07 BRT" skipped="0">
  <testcase classname="testsFront.LoginTestLocalSuite" name="testInvalidCredentialsError" time="2.536"/>
  <testcase classname="testsFront.LoginTestLocalSuite" name="testEmailBlankError" time="2.445"/>
  <testcase classname="testsFront.LoginTestLocalSuite" name="testValidLogin" time="3.424"/>
  <testcase classname="testsFront.LoginTestLocalSuite" name="testPasswordBlankError" time="2.661"/>
</testsuite> <!-- testsFront.LoginTestLocalSuite -->
