<?xml version="1.0" encoding="UTF-8"?>
<!-- Generated by org.testng.reporters.JUnitReportReporter -->
<testsuite hostname="LBR-9QCHRM3" failures="0" tests="4" name="testsFront.LoginTest" time="11.696" errors="0" timestamp="2025-01-24T16:18:57 BRT" skipped="0">
  <testcase classname="testsFront.LoginTest" name="testPasswordBlankError" time="2.747"/>
  <testcase classname="testsFront.LoginTest" name="testInvalidCredentialsError" time="2.718"/>
  <testcase classname="testsFront.LoginTest" name="testValidLogin" time="2.682"/>
  <testcase classname="testsFront.LoginTest" name="testEmailBlankError" time="3.549"/>
</testsuite> <!-- testsFront.LoginTest -->
