<?xml version="1.0" encoding="UTF-8"?>
<!-- Generated by org.testng.reporters.JUnitReportReporter -->
<testsuite hostname="LBR-9QCHRM3" failures="0" tests="4" name="testsFront.LoginTest" time="14.422" errors="0" timestamp="2025-01-24T19:20:32 BRT" skipped="0">
  <testcase classname="testsFront.LoginTest" name="testEmailBlankError" time="3.903"/>
  <testcase classname="testsFront.LoginTest" name="testValidLogin" time="2.535"/>
  <testcase classname="testsFront.LoginTest" name="testInvalidCredentialsError" time="2.811"/>
  <testcase classname="testsFront.LoginTest" name="testPasswordBlankError" time="5.173"/>
</testsuite> <!-- testsFront.LoginTest -->
