<?xml version="1.0" encoding="UTF-8"?>
<!-- Generated by org.testng.reporters.JUnitReportReporter -->
<testsuite hostname="LBR-9QCHRM3" failures="0" tests="4" name="testsFront.LoginTest" time="12.594" errors="0" timestamp="2025-01-22T21:24:40 BRT" skipped="0">
  <testcase classname="testsFront.LoginTest" name="testValidLogin" time="3.449"/>
  <testcase classname="testsFront.LoginTest" name="testEmailBlankError" time="2.379"/>
  <testcase classname="testsFront.LoginTest" name="testInvalidCredentialsError" time="4.052"/>
  <testcase classname="testsFront.LoginTest" name="testPasswordBlankError" time="2.714"/>
</testsuite> <!-- testsFront.LoginTest -->
