<?xml version="1.0" encoding="UTF-8"?>
<!-- Generated by org.testng.reporters.JUnitReportReporter -->
<testsuite hostname="LBR-9QCHRM3" failures="0" tests="12" name="testsFront.LoginTestLocalSuite" time="106.414" errors="0" timestamp="2025-01-27T07:36:45 BRT" skipped="0">
  <testcase classname="testsFront.LoginTestLocalSuite" name="testEmailBlankError" time="3.390"/>
  <testcase classname="testsFront.LoginTestLocalSuite" name="testPasswordBlankError" time="8.363"/>
  <testcase classname="testsFront.LoginTestLocalSuite" name="testEmailBlankError" time="12.088"/>
  <testcase classname="testsFront.LoginTestLocalSuite" name="testInvalidCredentialsError" time="6.082"/>
  <testcase classname="testsFront.LoginTestLocalSuite" name="testEmailBlankError" time="9.058"/>
  <testcase classname="testsFront.LoginTestLocalSuite" name="testPasswordBlankError" time="4.690"/>
  <testcase classname="testsFront.LoginTestLocalSuite" name="testPasswordBlankError" time="9.358"/>
  <testcase classname="testsFront.LoginTestLocalSuite" name="testInvalidCredentialsError" time="8.668"/>
  <testcase classname="testsFront.LoginTestLocalSuite" name="testValidLogin" time="7.141"/>
  <testcase classname="testsFront.LoginTestLocalSuite" name="testValidLogin" time="12.661"/>
  <testcase classname="testsFront.LoginTestLocalSuite" name="testInvalidCredentialsError" time="5.015"/>
  <testcase classname="testsFront.LoginTestLocalSuite" name="testValidLogin" time="19.900"/>
</testsuite> <!-- testsFront.LoginTestLocalSuite -->
