<?xml version="1.0" encoding="UTF-8"?>
<!-- Generated by org.testng.reporters.JUnitReportReporter -->
<testsuite hostname="LBR-9QCHRM3" failures="0" tests="12" name="testsFront.LoginTestLocalSuite" time="138.419" errors="0" timestamp="2025-01-24T16:23:09 BRT" skipped="0">
  <testcase classname="testsFront.LoginTestLocalSuite" name="testInvalidCredentialsError" time="12.290"/>
  <testcase classname="testsFront.LoginTestLocalSuite" name="testPasswordBlankError" time="11.166"/>
  <testcase classname="testsFront.LoginTestLocalSuite" name="testPasswordBlankError" time="9.911"/>
  <testcase classname="testsFront.LoginTestLocalSuite" name="testEmailBlankError" time="8.082"/>
  <testcase classname="testsFront.LoginTestLocalSuite" name="testValidLogin" time="11.581"/>
  <testcase classname="testsFront.LoginTestLocalSuite" name="testInvalidCredentialsError" time="9.708"/>
  <testcase classname="testsFront.LoginTestLocalSuite" name="testPasswordBlankError" time="7.527"/>
  <testcase classname="testsFront.LoginTestLocalSuite" name="testEmailBlankError" time="9.927"/>
  <testcase classname="testsFront.LoginTestLocalSuite" name="testEmailBlankError" time="19.131"/>
  <testcase classname="testsFront.LoginTestLocalSuite" name="testInvalidCredentialsError" time="10.665"/>
  <testcase classname="testsFront.LoginTestLocalSuite" name="testValidLogin" time="7.255"/>
  <testcase classname="testsFront.LoginTestLocalSuite" name="testValidLogin" time="21.176"/>
</testsuite> <!-- testsFront.LoginTestLocalSuite -->
