<?xml version="1.0" encoding="UTF-8"?>
<!-- Generated by org.testng.reporters.JUnitReportReporter -->
<testsuite hostname="LBR-9QCHRM3" failures="0" tests="4" name="testsFront.LoginTest" time="32.886" errors="0" timestamp="2025-01-23T10:24:04 BRT" skipped="0">
  <testcase classname="testsFront.LoginTest" name="testInvalidCredentialsError" time="7.098"/>
  <testcase classname="testsFront.LoginTest" name="testValidLogin" time="10.124"/>
  <testcase classname="testsFront.LoginTest" name="testPasswordBlankError" time="7.984"/>
  <testcase classname="testsFront.LoginTest" name="testEmailBlankError" time="7.680"/>
</testsuite> <!-- testsFront.LoginTest -->
