<?xml version="1.0" encoding="UTF-8"?>
<!-- Generated by org.testng.reporters.JUnitReportReporter -->
<testsuite hostname="LBR-9QCHRM3" failures="0" tests="12" name="testsFront.LoginTestLocalSuite" time="102.456" errors="0" timestamp="2025-01-28T10:17:20 BRT" skipped="0">
  <testcase classname="testsFront.LoginTestLocalSuite" name="testInvalidCredentialsError" time="5.349"/>
  <testcase classname="testsFront.LoginTestLocalSuite" name="testValidLogin" time="7.462"/>
  <testcase classname="testsFront.LoginTestLocalSuite" name="testValidLogin" time="7.627"/>
  <testcase classname="testsFront.LoginTestLocalSuite" name="testEmailBlankError" time="8.862"/>
  <testcase classname="testsFront.LoginTestLocalSuite" name="testInvalidCredentialsError" time="12.491"/>
  <testcase classname="testsFront.LoginTestLocalSuite" name="testPasswordBlankError" time="5.830"/>
  <testcase classname="testsFront.LoginTestLocalSuite" name="testValidLogin" time="7.143"/>
  <testcase classname="testsFront.LoginTestLocalSuite" name="testEmailBlankError" time="9.024"/>
  <testcase classname="testsFront.LoginTestLocalSuite" name="testInvalidCredentialsError" time="4.353"/>
  <testcase classname="testsFront.LoginTestLocalSuite" name="testPasswordBlankError" time="10.691"/>
  <testcase classname="testsFront.LoginTestLocalSuite" name="testEmailBlankError" time="13.227"/>
  <testcase classname="testsFront.LoginTestLocalSuite" name="testPasswordBlankError" time="10.397"/>
</testsuite> <!-- testsFront.LoginTestLocalSuite -->
