<?xml version="1.0" encoding="UTF-8"?>
<!-- Generated by org.testng.reporters.JUnitReportReporter -->
<testsuite hostname="LBR-9QCHRM3" failures="0" tests="4" name="testsFront.LoginLocalAllure" time="11.172" errors="0" timestamp="2025-01-27T08:01:08 BRT" skipped="0">
  <testcase classname="testsFront.LoginLocalAllure" name="testPasswordBlankError" time="2.564"/>
  <testcase classname="testsFront.LoginLocalAllure" name="testEmailBlankError" time="2.532"/>
  <testcase classname="testsFront.LoginLocalAllure" name="testValidLogin" time="3.480"/>
  <testcase classname="testsFront.LoginLocalAllure" name="testInvalidCredentialsError" time="2.596"/>
</testsuite> <!-- testsFront.LoginLocalAllure -->
