<?xml version="1.0" encoding="UTF-8"?>
<!-- Generated by org.testng.reporters.JUnitReportReporter -->
<testsuite hostname="LBR-9QCHRM3" failures="0" tests="4" name="testsFront.LoginLocal" time="10.715" errors="0" timestamp="2025-01-24T21:55:51 BRT" skipped="0">
  <testcase classname="testsFront.LoginLocal" name="testInvalidCredentialsError" time="2.444"/>
  <testcase classname="testsFront.LoginLocal" name="testPasswordBlankError" time="2.472"/>
  <testcase classname="testsFront.LoginLocal" name="testEmailBlankError" time="3.319"/>
  <testcase classname="testsFront.LoginLocal" name="testValidLogin" time="2.480"/>
</testsuite> <!-- testsFront.LoginLocal -->
