<?xml version="1.0" encoding="UTF-8"?>
<!-- Generated by org.testng.reporters.JUnitReportReporter -->
<testsuite hostname="LBR-9QCHRM3" failures="0" tests="4" name="testsFront.LoginTest" time="11.882" errors="0" timestamp="2025-01-24T21:39:02 BRT" skipped="0">
  <testcase classname="testsFront.LoginTest" name="testEmailBlankError" time="3.830"/>
  <testcase classname="testsFront.LoginTest" name="testPasswordBlankError" time="2.676"/>
  <testcase classname="testsFront.LoginTest" name="testInvalidCredentialsError" time="2.738"/>
  <testcase classname="testsFront.LoginTest" name="testValidLogin" time="2.638"/>
</testsuite> <!-- testsFront.LoginTest -->
