<?xml version="1.0" encoding="UTF-8"?>
<!-- Generated by org.testng.reporters.JUnitReportReporter -->
<testsuite hostname="LBR-9QCHRM3" failures="0" tests="4" name="testsFront.LoginTestLocalSuite" time="31.417" errors="0" timestamp="2025-01-22T23:54:22 BRT" skipped="0">
  <testcase classname="testsFront.LoginTestLocalSuite" name="testEmailBlankError" time="4.159"/>
  <testcase classname="testsFront.LoginTestLocalSuite" name="testPasswordBlankError" time="4.811"/>
  <testcase classname="testsFront.LoginTestLocalSuite" name="testValidLogin" time="18.693"/>
  <testcase classname="testsFront.LoginTestLocalSuite" name="testInvalidCredentialsError" time="3.754"/>
</testsuite> <!-- testsFront.LoginTestLocalSuite -->
