<?xml version="1.0" encoding="UTF-8"?>
<!-- Generated by org.testng.reporters.JUnitReportReporter -->
<testsuite hostname="LBR-9QCHRM3" failures="0" tests="4" name="testsFront.LoginTestAllure" time="11.389" errors="0" timestamp="2025-01-24T21:53:08 BRT" skipped="0">
  <testcase classname="testsFront.LoginTestAllure" name="testEmailBlankError" time="2.612"/>
  <testcase classname="testsFront.LoginTestAllure" name="testPasswordBlankError" time="3.511"/>
  <testcase classname="testsFront.LoginTestAllure" name="testInvalidCredentialsError" time="2.469"/>
  <testcase classname="testsFront.LoginTestAllure" name="testValidLogin" time="2.797"/>
</testsuite> <!-- testsFront.LoginTestAllure -->
